<?xml version="1.0" encoding="UTF-8"?>
<testsuite name="Run on Firefox"
           tests="3"
           failures="0"
           errors="0"
           skipped="0"
           time="63.151">
  <properties />
  
  
            <testcase name="Employee_01_Add_Employee" time="9.368" classname="com.hrm.employee.Level19_Employee_01_Add_Employee" />
                <testcase name="Employee_03_Edit_PersonalDetailPage" time="14.708" classname="com.hrm.employee.Level19_Employee_01_Add_Employee" />
                <testcase name="Employee_02_Upload_Avatar" time="39.075" classname="com.hrm.employee.Level19_Employee_01_Add_Employee" />
      
</testsuite>
