<?xml version="1.0" encoding="UTF-8"?>
<testsuite name="Run on Firefox"
           tests="2"
           failures="1"
           errors="0"
           skipped="1"
           time="7.249">
  <properties />
            <testcase name="beforeClass" time="7.249" classname="employee.Level20_Employee_01_Add_Employee_Multiple_Evn_OwnerLib">
                <failure type="java.lang.NullPointerException"
                  message="(null)"
              >
<![CDATA[java.lang.NullPointerException
  commons.BaseTest.getBrowserURL(BaseTest.java:89)
  commons.BaseTest.getBrowserDriver(BaseTest.java:82)
  employee.Level20_Employee_01_Add_Employee_Multiple_Evn_OwnerLib.beforeClass(Level20_Employee_01_Add_Employee_Multiple_Evn_OwnerLib.java:27)
  java.base/jdk.internal.reflect.NativeMethodAccessorImpl.invoke0(Native Method)
  java.base/jdk.internal.reflect.NativeMethodAccessorImpl.invoke(NativeMethodAccessorImpl.java:62)
  java.base/jdk.internal.reflect.DelegatingMethodAccessorImpl.invoke(DelegatingMethodAccessorImpl.java:43)
  java.base/java.lang.reflect.Method.invoke(Method.java:566)
  org.testng.internal.MethodInvocationHelper.invokeMethod(MethodInvocationHelper.java:124)
  org.testng.internal.MethodInvocationHelper.invokeMethodConsideringTimeout(MethodInvocationHelper.java:59)
  org.testng.internal.Invoker.invokeConfigurationMethod(Invoker.java:458)
  org.testng.internal.Invoker.invokeConfigurations(Invoker.java:222)
  org.testng.internal.Invoker.invokeConfigurations(Invoker.java:142)
  org.testng.internal.TestMethodWorker.invokeBeforeClassMethods(TestMethodWorker.java:168)
  org.testng.internal.TestMethodWorker.run(TestMethodWorker.java:105)
  org.testng.TestRunner.privateRun(TestRunner.java:648)
  org.testng.TestRunner.run(TestRunner.java:505)
  org.testng.SuiteRunner.runTest(SuiteRunner.java:455)
  org.testng.SuiteRunner.runSequentially(SuiteRunner.java:450)
  org.testng.SuiteRunner.privateRun(SuiteRunner.java:415)
  org.testng.SuiteRunner.run(SuiteRunner.java:364)
  org.testng.SuiteRunnerWorker.runSuite(SuiteRunnerWorker.java:52)
  org.testng.SuiteRunnerWorker.run(SuiteRunnerWorker.java:84)
  org.testng.TestNG.runSuitesSequentially(TestNG.java:1208)
  org.testng.TestNG.runSuitesLocally(TestNG.java:1137)
  org.testng.TestNG.runSuites(TestNG.java:1049)
  org.testng.TestNG.run(TestNG.java:1017)
  com.intellij.rt.testng.IDEARemoteTestNG.run(IDEARemoteTestNG.java:66)
  com.intellij.rt.testng.RemoteTestNGStarter.main(RemoteTestNGStarter.java:109)
]]>
      </failure>

          </testcase>
  
            <testcase name="Employee_01_Add_Employee" time="0.0" classname="employee.Level20_Employee_01_Add_Employee_Multiple_Evn_OwnerLib">
          <skipped />
    </testcase>
  
  
</testsuite>
